海峡卫视,http://hlsbkmgsplive.miguvideo.com/migu/kailu/haixiaws/57/20230724/01.m3u8?msisdn=&Channel_ID=&ContentId=&HlsSubType=&HlsProfileId=&encrypt=
CCTV-2 财经,http://218.13.14.6:60050/tsfile/live/1002_1.m3u8
CCTV 4K,http://3501776.xyz:35455/gaoma/cctv4k.m3u8
卡酷少儿,http://[2409:8087:1a0b:df::4020]:80/ottrrs.hl.chinamobile.com/PLTV/88888888/224/3221225654/index.m3u8
CCTV 8K,http://3501776.xyz:35455/gaoma/cctv8k_36m.m3u8
金鹰卡通,http://[2409:8087:1a0b:df::4008]:80/ottrrs.hl.chinamobile.com/PLTV/88888888/224/3221225653/index.m3u8
优漫卡通,http://[2409:8087:1a0b:df::4005]:80/ottrrs.hl.chinamobile.com/PLTV/88888888/224/3221225656/index.m3u8
哈哈炫动,http://[2409:8087:1a0b:df::4001]:80/ottrrs.hl.chinamobile.com/PLTV/88888888/224/3221225657/index.m3u8
黑莓动画,http://[2409:8087:1a0b:df::4006]:80/ottrrs.hl.chinamobile.com/PLTV/88888888/224/3221225662/index.m3u8
20250509 09:21:46,https://gitee.com/kabigo/tv/raw/master/assets/about1080p.mp4
CCTV-兵器科技,http://dassby.qqff.top:99/live/兵器科技/index.m3u8
厦门卫视,http://[2409:8087:5e00:24::1e]:6060/000000001000/1000000005000266006/1.m3u8
关于本源(iptv365.org),https://gitlab.com/p2v5/wangtv/-/raw/main/about1080p.mp4
CCTV-世界地理,http://dassby.qqff.top:99/live/世界地理/index.m3u8
厦门卫视,http://[2409:8087:74F1:0021::0008]/270000001128/9900000058/index.m3u8
(请)(地)每日一首,https://cloud.video.taobao.com//play/u/57349687/p/1/e/6/t/1/240192067467.mp4
CCTV-风云足球,http://dassby.qqff.top:99/live/风云足球/index.m3u8
浙江国际,https://ali-m-l.cztv.com/channels/lantian/channel010/1080p.m3u8
(勿)(址)MovieMusic欣赏,https://lotus.stingray.com/manifest/cmusic-cme004-montreal/samsungtvplus/dee3e3af-2706-3e77-a952-91b99f6d1819/5711200/manifest.m3u8
CCTV-风云音乐,http://dassby.qqff.top:99/live/风云音乐/index.m3u8
浙江少儿,https://ali-m-l.cztv.com/channels/lantian/channel008/1080p.m3u8
(贩)(已)AMC音乐,https://AMChls.wns.live/hls/stream.m3u8
CCTV-风云剧场,http://dassby.qqff.top:99/live/风云剧场/index.m3u8
浙江少儿,https://ali-m-l.cztv.com/channels/lantian/channel008/1080p.m3u8
(卖)(变)音乐欣赏,http://61.221.215.25:8800/hls/49/index.m3u8
CCTV-第一剧场,http://dassby.qqff.top:99/live/第一剧场/index.m3u8
教科影视,https://ali-m-l.cztv.com/channels/lantian/channel004/1080p.m3u8
